[0.488s] DEBUG:colcon:Command line arguments: ['/usr/bin/colcon', 'build', '--packages-select', 'webots_ros2_mavic_1']
[0.488s] DEBUG:colcon:Parsed command line arguments: Namespace(log_base=None, log_level=None, verb_name='build', build_base='build', install_base='install', merge_install=False, symlink_install=False, test_result_base=None, continue_on_error=False, executor='parallel', parallel_workers=8, event_handlers=None, ignore_user_meta=False, metas=['./colcon.meta'], base_paths=['.'], packages_ignore=None, packages_ignore_regex=None, paths=None, packages_up_to=None, packages_up_to_regex=None, packages_above=None, packages_above_and_dependencies=None, packages_above_depth=None, packages_select_by_dep=None, packages_skip_by_dep=None, packages_skip_up_to=None, packages_select_build_failed=False, packages_skip_build_finished=False, packages_select_test_failures=False, packages_skip_test_passed=False, packages_select=['webots_ros2_mavic_1'], packages_skip=None, packages_select_regex=None, packages_skip_regex=None, packages_start=None, packages_end=None, allow_overriding=[], cmake_args=None, cmake_target=None, cmake_target_skip_unavailable=False, cmake_clean_cache=False, cmake_clean_first=False, cmake_force_configure=False, ament_cmake_args=None, catkin_cmake_args=None, catkin_skip_building_tests=False, verb_parser=<colcon_defaults.argument_parser.defaults.DefaultArgumentsDecorator object at 0x7f64ba28edd0>, verb_extension=<colcon_core.verb.build.BuildVerb object at 0x7f64ba28e860>, main=<bound method BuildVerb.main of <colcon_core.verb.build.BuildVerb object at 0x7f64ba28e860>>)
[0.521s] Level 1:colcon.colcon_core.package_discovery:discover_packages(colcon_meta) check parameters
[0.521s] Level 1:colcon.colcon_core.package_discovery:discover_packages(recursive) check parameters
[0.521s] Level 1:colcon.colcon_core.package_discovery:discover_packages(ignore) check parameters
[0.521s] Level 1:colcon.colcon_core.package_discovery:discover_packages(path) check parameters
[0.521s] Level 1:colcon.colcon_core.package_discovery:discover_packages(colcon_meta) discover
[0.521s] Level 1:colcon.colcon_core.package_discovery:discover_packages(recursive) discover
[0.521s] INFO:colcon.colcon_core.package_discovery:Crawling recursively for packages in '/home/patrick/ros2_ws/src'
[0.521s] Level 1:colcon.colcon_core.package_identification:_identify(.) by extensions ['ignore', 'ignore_ament_install']
[0.522s] Level 1:colcon.colcon_core.package_identification:_identify(.) by extension 'ignore'
[0.522s] Level 1:colcon.colcon_core.package_identification:_identify(.) by extension 'ignore_ament_install'
[0.522s] Level 1:colcon.colcon_core.package_identification:_identify(.) by extensions ['colcon_pkg']
[0.522s] Level 1:colcon.colcon_core.package_identification:_identify(.) by extension 'colcon_pkg'
[0.522s] Level 1:colcon.colcon_core.package_identification:_identify(.) by extensions ['colcon_meta']
[0.522s] Level 1:colcon.colcon_core.package_identification:_identify(.) by extension 'colcon_meta'
[0.522s] Level 1:colcon.colcon_core.package_identification:_identify(.) by extensions ['ros']
[0.522s] Level 1:colcon.colcon_core.package_identification:_identify(.) by extension 'ros'
[0.538s] Level 1:colcon.colcon_core.package_identification:_identify(.) by extensions ['cmake', 'python']
[0.538s] Level 1:colcon.colcon_core.package_identification:_identify(.) by extension 'cmake'
[0.538s] Level 1:colcon.colcon_core.package_identification:_identify(.) by extension 'python'
[0.538s] Level 1:colcon.colcon_core.package_identification:_identify(.) by extensions ['python_setup_py']
[0.539s] Level 1:colcon.colcon_core.package_identification:_identify(.) by extension 'python_setup_py'
[0.539s] Level 1:colcon.colcon_core.package_identification:_identify(ardupilot_gazebo) by extensions ['ignore', 'ignore_ament_install']
[0.539s] Level 1:colcon.colcon_core.package_identification:_identify(ardupilot_gazebo) by extension 'ignore'
[0.539s] Level 1:colcon.colcon_core.package_identification:_identify(ardupilot_gazebo) by extension 'ignore_ament_install'
[0.539s] Level 1:colcon.colcon_core.package_identification:_identify(ardupilot_gazebo) by extensions ['colcon_pkg']
[0.539s] Level 1:colcon.colcon_core.package_identification:_identify(ardupilot_gazebo) by extension 'colcon_pkg'
[0.539s] Level 1:colcon.colcon_core.package_identification:_identify(ardupilot_gazebo) by extensions ['colcon_meta']
[0.539s] Level 1:colcon.colcon_core.package_identification:_identify(ardupilot_gazebo) by extension 'colcon_meta'
[0.539s] Level 1:colcon.colcon_core.package_identification:_identify(ardupilot_gazebo) by extensions ['ros']
[0.539s] Level 1:colcon.colcon_core.package_identification:_identify(ardupilot_gazebo) by extension 'ros'
[0.539s] Level 1:colcon.colcon_core.package_identification:_identify(ardupilot_gazebo) by extensions ['cmake', 'python']
[0.539s] Level 1:colcon.colcon_core.package_identification:_identify(ardupilot_gazebo) by extension 'cmake'
[0.545s] Level 1:colcon.colcon_core.package_identification:_identify(ardupilot_gazebo) by extension 'python'
[0.546s] DEBUG:colcon.colcon_core.package_identification:Package 'ardupilot_gazebo' with type 'cmake' and name 'ardupilot_sitl_gazebo'
[0.546s] Level 1:colcon.colcon_core.package_identification:_identify(build) by extensions ['ignore', 'ignore_ament_install']
[0.546s] Level 1:colcon.colcon_core.package_identification:_identify(build) by extension 'ignore'
[0.546s] Level 1:colcon.colcon_core.package_identification:_identify(build) ignored
[0.546s] Level 1:colcon.colcon_core.package_identification:_identify(install) by extensions ['ignore', 'ignore_ament_install']
[0.546s] Level 1:colcon.colcon_core.package_identification:_identify(install) by extension 'ignore'
[0.546s] Level 1:colcon.colcon_core.package_identification:_identify(install) ignored
[0.546s] Level 1:colcon.colcon_core.package_identification:_identify(log) by extensions ['ignore', 'ignore_ament_install']
[0.546s] Level 1:colcon.colcon_core.package_identification:_identify(log) by extension 'ignore'
[0.547s] Level 1:colcon.colcon_core.package_identification:_identify(log) ignored
[0.547s] Level 1:colcon.colcon_core.package_identification:_identify(my_package) by extensions ['ignore', 'ignore_ament_install']
[0.547s] Level 1:colcon.colcon_core.package_identification:_identify(my_package) by extension 'ignore'
[0.547s] Level 1:colcon.colcon_core.package_identification:_identify(my_package) by extension 'ignore_ament_install'
[0.547s] Level 1:colcon.colcon_core.package_identification:_identify(my_package) by extensions ['colcon_pkg']
[0.547s] Level 1:colcon.colcon_core.package_identification:_identify(my_package) by extension 'colcon_pkg'
[0.547s] Level 1:colcon.colcon_core.package_identification:_identify(my_package) by extensions ['colcon_meta']
[0.547s] Level 1:colcon.colcon_core.package_identification:_identify(my_package) by extension 'colcon_meta'
[0.547s] Level 1:colcon.colcon_core.package_identification:_identify(my_package) by extensions ['ros']
[0.547s] Level 1:colcon.colcon_core.package_identification:_identify(my_package) by extension 'ros'
[0.551s] DEBUG:colcon.colcon_core.package_identification:Package 'my_package' with type 'ros.ament_python' and name 'my_package'
[0.551s] Level 1:colcon.colcon_core.package_identification:_identify(ros_gz) by extensions ['ignore', 'ignore_ament_install']
[0.551s] Level 1:colcon.colcon_core.package_identification:_identify(ros_gz) by extension 'ignore'
[0.552s] Level 1:colcon.colcon_core.package_identification:_identify(ros_gz) by extension 'ignore_ament_install'
[0.552s] Level 1:colcon.colcon_core.package_identification:_identify(ros_gz) by extensions ['colcon_pkg']
[0.552s] Level 1:colcon.colcon_core.package_identification:_identify(ros_gz) by extension 'colcon_pkg'
[0.552s] Level 1:colcon.colcon_core.package_identification:_identify(ros_gz) by extensions ['colcon_meta']
[0.552s] Level 1:colcon.colcon_core.package_identification:_identify(ros_gz) by extension 'colcon_meta'
[0.552s] Level 1:colcon.colcon_core.package_identification:_identify(ros_gz) by extensions ['ros']
[0.552s] Level 1:colcon.colcon_core.package_identification:_identify(ros_gz) by extension 'ros'
[0.552s] Level 1:colcon.colcon_core.package_identification:_identify(ros_gz) by extensions ['cmake', 'python']
[0.552s] Level 1:colcon.colcon_core.package_identification:_identify(ros_gz) by extension 'cmake'
[0.552s] Level 1:colcon.colcon_core.package_identification:_identify(ros_gz) by extension 'python'
[0.552s] Level 1:colcon.colcon_core.package_identification:_identify(ros_gz) by extensions ['python_setup_py']
[0.552s] Level 1:colcon.colcon_core.package_identification:_identify(ros_gz) by extension 'python_setup_py'
[0.552s] Level 1:colcon.colcon_core.package_identification:_identify(ros_gz/ros_gz) by extensions ['ignore', 'ignore_ament_install']
[0.552s] Level 1:colcon.colcon_core.package_identification:_identify(ros_gz/ros_gz) by extension 'ignore'
[0.553s] Level 1:colcon.colcon_core.package_identification:_identify(ros_gz/ros_gz) by extension 'ignore_ament_install'
[0.553s] Level 1:colcon.colcon_core.package_identification:_identify(ros_gz/ros_gz) by extensions ['colcon_pkg']
[0.553s] Level 1:colcon.colcon_core.package_identification:_identify(ros_gz/ros_gz) by extension 'colcon_pkg'
[0.553s] Level 1:colcon.colcon_core.package_identification:_identify(ros_gz/ros_gz) by extensions ['colcon_meta']
[0.553s] Level 1:colcon.colcon_core.package_identification:_identify(ros_gz/ros_gz) by extension 'colcon_meta'
[0.553s] Level 1:colcon.colcon_core.package_identification:_identify(ros_gz/ros_gz) by extensions ['ros']
[0.553s] Level 1:colcon.colcon_core.package_identification:_identify(ros_gz/ros_gz) by extension 'ros'
[0.554s] DEBUG:colcon.colcon_core.package_identification:Package 'ros_gz/ros_gz' with type 'ros.ament_cmake' and name 'ros_gz'
[0.554s] Level 1:colcon.colcon_core.package_identification:_identify(ros_gz/ros_gz_bridge) by extensions ['ignore', 'ignore_ament_install']
[0.554s] Level 1:colcon.colcon_core.package_identification:_identify(ros_gz/ros_gz_bridge) by extension 'ignore'
[0.554s] Level 1:colcon.colcon_core.package_identification:_identify(ros_gz/ros_gz_bridge) by extension 'ignore_ament_install'
[0.554s] Level 1:colcon.colcon_core.package_identification:_identify(ros_gz/ros_gz_bridge) by extensions ['colcon_pkg']
[0.554s] Level 1:colcon.colcon_core.package_identification:_identify(ros_gz/ros_gz_bridge) by extension 'colcon_pkg'
[0.554s] Level 1:colcon.colcon_core.package_identification:_identify(ros_gz/ros_gz_bridge) by extensions ['colcon_meta']
[0.554s] Level 1:colcon.colcon_core.package_identification:_identify(ros_gz/ros_gz_bridge) by extension 'colcon_meta'
[0.554s] Level 1:colcon.colcon_core.package_identification:_identify(ros_gz/ros_gz_bridge) by extensions ['ros']
[0.555s] Level 1:colcon.colcon_core.package_identification:_identify(ros_gz/ros_gz_bridge) by extension 'ros'
[0.578s] DEBUG:colcon.colcon_core.package_identification:Package 'ros_gz/ros_gz_bridge' with type 'ros.ament_cmake' and name 'ros_gz_bridge'
[0.579s] Level 1:colcon.colcon_core.package_identification:_identify(ros_gz/ros_gz_image) by extensions ['ignore', 'ignore_ament_install']
[0.579s] Level 1:colcon.colcon_core.package_identification:_identify(ros_gz/ros_gz_image) by extension 'ignore'
[0.579s] Level 1:colcon.colcon_core.package_identification:_identify(ros_gz/ros_gz_image) by extension 'ignore_ament_install'
[0.579s] Level 1:colcon.colcon_core.package_identification:_identify(ros_gz/ros_gz_image) by extensions ['colcon_pkg']
[0.579s] Level 1:colcon.colcon_core.package_identification:_identify(ros_gz/ros_gz_image) by extension 'colcon_pkg'
[0.579s] Level 1:colcon.colcon_core.package_identification:_identify(ros_gz/ros_gz_image) by extensions ['colcon_meta']
[0.579s] Level 1:colcon.colcon_core.package_identification:_identify(ros_gz/ros_gz_image) by extension 'colcon_meta'
[0.579s] Level 1:colcon.colcon_core.package_identification:_identify(ros_gz/ros_gz_image) by extensions ['ros']
[0.579s] Level 1:colcon.colcon_core.package_identification:_identify(ros_gz/ros_gz_image) by extension 'ros'
[0.595s] DEBUG:colcon.colcon_core.package_identification:Package 'ros_gz/ros_gz_image' with type 'ros.ament_cmake' and name 'ros_gz_image'
[0.596s] Level 1:colcon.colcon_core.package_identification:_identify(ros_gz/ros_gz_interfaces) by extensions ['ignore', 'ignore_ament_install']
[0.596s] Level 1:colcon.colcon_core.package_identification:_identify(ros_gz/ros_gz_interfaces) by extension 'ignore'
[0.596s] Level 1:colcon.colcon_core.package_identification:_identify(ros_gz/ros_gz_interfaces) by extension 'ignore_ament_install'
[0.596s] Level 1:colcon.colcon_core.package_identification:_identify(ros_gz/ros_gz_interfaces) by extensions ['colcon_pkg']
[0.596s] Level 1:colcon.colcon_core.package_identification:_identify(ros_gz/ros_gz_interfaces) by extension 'colcon_pkg'
[0.596s] Level 1:colcon.colcon_core.package_identification:_identify(ros_gz/ros_gz_interfaces) by extensions ['colcon_meta']
[0.596s] Level 1:colcon.colcon_core.package_identification:_identify(ros_gz/ros_gz_interfaces) by extension 'colcon_meta'
[0.596s] Level 1:colcon.colcon_core.package_identification:_identify(ros_gz/ros_gz_interfaces) by extensions ['ros']
[0.596s] Level 1:colcon.colcon_core.package_identification:_identify(ros_gz/ros_gz_interfaces) by extension 'ros'
[0.598s] DEBUG:colcon.colcon_core.package_identification:Package 'ros_gz/ros_gz_interfaces' with type 'ros.ament_cmake' and name 'ros_gz_interfaces'
[0.598s] Level 1:colcon.colcon_core.package_identification:_identify(ros_gz/ros_gz_point_cloud) by extensions ['ignore', 'ignore_ament_install']
[0.598s] Level 1:colcon.colcon_core.package_identification:_identify(ros_gz/ros_gz_point_cloud) by extension 'ignore'
[0.598s] Level 1:colcon.colcon_core.package_identification:_identify(ros_gz/ros_gz_point_cloud) ignored
[0.598s] Level 1:colcon.colcon_core.package_identification:_identify(ros_gz/ros_gz_sim) by extensions ['ignore', 'ignore_ament_install']
[0.598s] Level 1:colcon.colcon_core.package_identification:_identify(ros_gz/ros_gz_sim) by extension 'ignore'
[0.598s] Level 1:colcon.colcon_core.package_identification:_identify(ros_gz/ros_gz_sim) by extension 'ignore_ament_install'
[0.599s] Level 1:colcon.colcon_core.package_identification:_identify(ros_gz/ros_gz_sim) by extensions ['colcon_pkg']
[0.599s] Level 1:colcon.colcon_core.package_identification:_identify(ros_gz/ros_gz_sim) by extension 'colcon_pkg'
[0.599s] Level 1:colcon.colcon_core.package_identification:_identify(ros_gz/ros_gz_sim) by extensions ['colcon_meta']
[0.599s] Level 1:colcon.colcon_core.package_identification:_identify(ros_gz/ros_gz_sim) by extension 'colcon_meta'
[0.599s] Level 1:colcon.colcon_core.package_identification:_identify(ros_gz/ros_gz_sim) by extensions ['ros']
[0.599s] Level 1:colcon.colcon_core.package_identification:_identify(ros_gz/ros_gz_sim) by extension 'ros'
[0.613s] DEBUG:colcon.colcon_core.package_identification:Package 'ros_gz/ros_gz_sim' with type 'ros.ament_cmake' and name 'ros_gz_sim'
[0.613s] Level 1:colcon.colcon_core.package_identification:_identify(ros_gz/ros_gz_sim_demos) by extensions ['ignore', 'ignore_ament_install']
[0.613s] Level 1:colcon.colcon_core.package_identification:_identify(ros_gz/ros_gz_sim_demos) by extension 'ignore'
[0.613s] Level 1:colcon.colcon_core.package_identification:_identify(ros_gz/ros_gz_sim_demos) by extension 'ignore_ament_install'
[0.614s] Level 1:colcon.colcon_core.package_identification:_identify(ros_gz/ros_gz_sim_demos) by extensions ['colcon_pkg']
[0.614s] Level 1:colcon.colcon_core.package_identification:_identify(ros_gz/ros_gz_sim_demos) by extension 'colcon_pkg'
[0.614s] Level 1:colcon.colcon_core.package_identification:_identify(ros_gz/ros_gz_sim_demos) by extensions ['colcon_meta']
[0.614s] Level 1:colcon.colcon_core.package_identification:_identify(ros_gz/ros_gz_sim_demos) by extension 'colcon_meta'
[0.614s] Level 1:colcon.colcon_core.package_identification:_identify(ros_gz/ros_gz_sim_demos) by extensions ['ros']
[0.614s] Level 1:colcon.colcon_core.package_identification:_identify(ros_gz/ros_gz_sim_demos) by extension 'ros'
[0.618s] DEBUG:colcon.colcon_core.package_identification:Package 'ros_gz/ros_gz_sim_demos' with type 'ros.ament_cmake' and name 'ros_gz_sim_demos'
[0.618s] Level 1:colcon.colcon_core.package_identification:_identify(ros_gz/ros_ign) by extensions ['ignore', 'ignore_ament_install']
[0.618s] Level 1:colcon.colcon_core.package_identification:_identify(ros_gz/ros_ign) by extension 'ignore'
[0.618s] Level 1:colcon.colcon_core.package_identification:_identify(ros_gz/ros_ign) by extension 'ignore_ament_install'
[0.618s] Level 1:colcon.colcon_core.package_identification:_identify(ros_gz/ros_ign) by extensions ['colcon_pkg']
[0.618s] Level 1:colcon.colcon_core.package_identification:_identify(ros_gz/ros_ign) by extension 'colcon_pkg'
[0.618s] Level 1:colcon.colcon_core.package_identification:_identify(ros_gz/ros_ign) by extensions ['colcon_meta']
[0.618s] Level 1:colcon.colcon_core.package_identification:_identify(ros_gz/ros_ign) by extension 'colcon_meta'
[0.618s] Level 1:colcon.colcon_core.package_identification:_identify(ros_gz/ros_ign) by extensions ['ros']
[0.618s] Level 1:colcon.colcon_core.package_identification:_identify(ros_gz/ros_ign) by extension 'ros'
[0.619s] DEBUG:colcon.colcon_core.package_identification:Package 'ros_gz/ros_ign' with type 'ros.ament_cmake' and name 'ros_ign'
[0.619s] Level 1:colcon.colcon_core.package_identification:_identify(ros_gz/ros_ign_bridge) by extensions ['ignore', 'ignore_ament_install']
[0.620s] Level 1:colcon.colcon_core.package_identification:_identify(ros_gz/ros_ign_bridge) by extension 'ignore'
[0.620s] Level 1:colcon.colcon_core.package_identification:_identify(ros_gz/ros_ign_bridge) by extension 'ignore_ament_install'
[0.620s] Level 1:colcon.colcon_core.package_identification:_identify(ros_gz/ros_ign_bridge) by extensions ['colcon_pkg']
[0.620s] Level 1:colcon.colcon_core.package_identification:_identify(ros_gz/ros_ign_bridge) by extension 'colcon_pkg'
[0.620s] Level 1:colcon.colcon_core.package_identification:_identify(ros_gz/ros_ign_bridge) by extensions ['colcon_meta']
[0.620s] Level 1:colcon.colcon_core.package_identification:_identify(ros_gz/ros_ign_bridge) by extension 'colcon_meta'
[0.620s] Level 1:colcon.colcon_core.package_identification:_identify(ros_gz/ros_ign_bridge) by extensions ['ros']
[0.620s] Level 1:colcon.colcon_core.package_identification:_identify(ros_gz/ros_ign_bridge) by extension 'ros'
[0.621s] DEBUG:colcon.colcon_core.package_identification:Package 'ros_gz/ros_ign_bridge' with type 'ros.ament_cmake' and name 'ros_ign_bridge'
[0.621s] Level 1:colcon.colcon_core.package_identification:_identify(ros_gz/ros_ign_gazebo) by extensions ['ignore', 'ignore_ament_install']
[0.621s] Level 1:colcon.colcon_core.package_identification:_identify(ros_gz/ros_ign_gazebo) by extension 'ignore'
[0.621s] Level 1:colcon.colcon_core.package_identification:_identify(ros_gz/ros_ign_gazebo) by extension 'ignore_ament_install'
[0.621s] Level 1:colcon.colcon_core.package_identification:_identify(ros_gz/ros_ign_gazebo) by extensions ['colcon_pkg']
[0.621s] Level 1:colcon.colcon_core.package_identification:_identify(ros_gz/ros_ign_gazebo) by extension 'colcon_pkg'
[0.621s] Level 1:colcon.colcon_core.package_identification:_identify(ros_gz/ros_ign_gazebo) by extensions ['colcon_meta']
[0.621s] Level 1:colcon.colcon_core.package_identification:_identify(ros_gz/ros_ign_gazebo) by extension 'colcon_meta'
[0.621s] Level 1:colcon.colcon_core.package_identification:_identify(ros_gz/ros_ign_gazebo) by extensions ['ros']
[0.621s] Level 1:colcon.colcon_core.package_identification:_identify(ros_gz/ros_ign_gazebo) by extension 'ros'
[0.622s] DEBUG:colcon.colcon_core.package_identification:Package 'ros_gz/ros_ign_gazebo' with type 'ros.ament_cmake' and name 'ros_ign_gazebo'
[0.622s] Level 1:colcon.colcon_core.package_identification:_identify(ros_gz/ros_ign_gazebo_demos) by extensions ['ignore', 'ignore_ament_install']
[0.622s] Level 1:colcon.colcon_core.package_identification:_identify(ros_gz/ros_ign_gazebo_demos) by extension 'ignore'
[0.622s] Level 1:colcon.colcon_core.package_identification:_identify(ros_gz/ros_ign_gazebo_demos) by extension 'ignore_ament_install'
[0.622s] Level 1:colcon.colcon_core.package_identification:_identify(ros_gz/ros_ign_gazebo_demos) by extensions ['colcon_pkg']
[0.622s] Level 1:colcon.colcon_core.package_identification:_identify(ros_gz/ros_ign_gazebo_demos) by extension 'colcon_pkg'
[0.622s] Level 1:colcon.colcon_core.package_identification:_identify(ros_gz/ros_ign_gazebo_demos) by extensions ['colcon_meta']
[0.622s] Level 1:colcon.colcon_core.package_identification:_identify(ros_gz/ros_ign_gazebo_demos) by extension 'colcon_meta'
[0.623s] Level 1:colcon.colcon_core.package_identification:_identify(ros_gz/ros_ign_gazebo_demos) by extensions ['ros']
[0.623s] Level 1:colcon.colcon_core.package_identification:_identify(ros_gz/ros_ign_gazebo_demos) by extension 'ros'
[0.623s] DEBUG:colcon.colcon_core.package_identification:Package 'ros_gz/ros_ign_gazebo_demos' with type 'ros.ament_cmake' and name 'ros_ign_gazebo_demos'
[0.623s] Level 1:colcon.colcon_core.package_identification:_identify(ros_gz/ros_ign_image) by extensions ['ignore', 'ignore_ament_install']
[0.624s] Level 1:colcon.colcon_core.package_identification:_identify(ros_gz/ros_ign_image) by extension 'ignore'
[0.624s] Level 1:colcon.colcon_core.package_identification:_identify(ros_gz/ros_ign_image) by extension 'ignore_ament_install'
[0.624s] Level 1:colcon.colcon_core.package_identification:_identify(ros_gz/ros_ign_image) by extensions ['colcon_pkg']
[0.624s] Level 1:colcon.colcon_core.package_identification:_identify(ros_gz/ros_ign_image) by extension 'colcon_pkg'
[0.624s] Level 1:colcon.colcon_core.package_identification:_identify(ros_gz/ros_ign_image) by extensions ['colcon_meta']
[0.624s] Level 1:colcon.colcon_core.package_identification:_identify(ros_gz/ros_ign_image) by extension 'colcon_meta'
[0.624s] Level 1:colcon.colcon_core.package_identification:_identify(ros_gz/ros_ign_image) by extensions ['ros']
[0.624s] Level 1:colcon.colcon_core.package_identification:_identify(ros_gz/ros_ign_image) by extension 'ros'
[0.625s] DEBUG:colcon.colcon_core.package_identification:Package 'ros_gz/ros_ign_image' with type 'ros.ament_cmake' and name 'ros_ign_image'
[0.625s] Level 1:colcon.colcon_core.package_identification:_identify(ros_gz/ros_ign_interfaces) by extensions ['ignore', 'ignore_ament_install']
[0.625s] Level 1:colcon.colcon_core.package_identification:_identify(ros_gz/ros_ign_interfaces) by extension 'ignore'
[0.625s] Level 1:colcon.colcon_core.package_identification:_identify(ros_gz/ros_ign_interfaces) by extension 'ignore_ament_install'
[0.625s] Level 1:colcon.colcon_core.package_identification:_identify(ros_gz/ros_ign_interfaces) by extensions ['colcon_pkg']
[0.625s] Level 1:colcon.colcon_core.package_identification:_identify(ros_gz/ros_ign_interfaces) by extension 'colcon_pkg'
[0.625s] Level 1:colcon.colcon_core.package_identification:_identify(ros_gz/ros_ign_interfaces) by extensions ['colcon_meta']
[0.625s] Level 1:colcon.colcon_core.package_identification:_identify(ros_gz/ros_ign_interfaces) by extension 'colcon_meta'
[0.625s] Level 1:colcon.colcon_core.package_identification:_identify(ros_gz/ros_ign_interfaces) by extensions ['ros']
[0.625s] Level 1:colcon.colcon_core.package_identification:_identify(ros_gz/ros_ign_interfaces) by extension 'ros'
[0.626s] DEBUG:colcon.colcon_core.package_identification:Package 'ros_gz/ros_ign_interfaces' with type 'ros.ament_cmake' and name 'ros_ign_interfaces'
[0.627s] Level 1:colcon.colcon_core.package_identification:_identify(webots_ros2_mavic_1) by extensions ['ignore', 'ignore_ament_install']
[0.627s] Level 1:colcon.colcon_core.package_identification:_identify(webots_ros2_mavic_1) by extension 'ignore'
[0.627s] Level 1:colcon.colcon_core.package_identification:_identify(webots_ros2_mavic_1) by extension 'ignore_ament_install'
[0.627s] Level 1:colcon.colcon_core.package_identification:_identify(webots_ros2_mavic_1) by extensions ['colcon_pkg']
[0.627s] Level 1:colcon.colcon_core.package_identification:_identify(webots_ros2_mavic_1) by extension 'colcon_pkg'
[0.627s] Level 1:colcon.colcon_core.package_identification:_identify(webots_ros2_mavic_1) by extensions ['colcon_meta']
[0.627s] Level 1:colcon.colcon_core.package_identification:_identify(webots_ros2_mavic_1) by extension 'colcon_meta'
[0.627s] Level 1:colcon.colcon_core.package_identification:_identify(webots_ros2_mavic_1) by extensions ['ros']
[0.628s] Level 1:colcon.colcon_core.package_identification:_identify(webots_ros2_mavic_1) by extension 'ros'
[0.629s] DEBUG:colcon.colcon_core.package_identification:Package 'webots_ros2_mavic_1' with type 'ros.ament_python' and name 'webots_ros2_mavic_1'
[0.630s] Level 1:colcon.colcon_core.package_discovery:discover_packages(recursive) using defaults
[0.630s] Level 1:colcon.colcon_core.package_discovery:discover_packages(ignore) discover
[0.630s] Level 1:colcon.colcon_core.package_discovery:discover_packages(ignore) using defaults
[0.630s] Level 1:colcon.colcon_core.package_discovery:discover_packages(path) discover
[0.630s] Level 1:colcon.colcon_core.package_discovery:discover_packages(path) using defaults
[0.667s] INFO:colcon.colcon_core.package_selection:Skipping not selected package 'ardupilot_sitl_gazebo' in 'ardupilot_gazebo'
[0.667s] INFO:colcon.colcon_core.package_selection:Skipping not selected package 'my_package' in 'my_package'
[0.667s] INFO:colcon.colcon_core.package_selection:Skipping not selected package 'ros_gz_interfaces' in 'ros_gz/ros_gz_interfaces'
[0.667s] INFO:colcon.colcon_core.package_selection:Skipping not selected package 'ros_gz_sim' in 'ros_gz/ros_gz_sim'
[0.667s] INFO:colcon.colcon_core.package_selection:Skipping not selected package 'ros_gz_bridge' in 'ros_gz/ros_gz_bridge'
[0.667s] INFO:colcon.colcon_core.package_selection:Skipping not selected package 'ros_ign_gazebo' in 'ros_gz/ros_ign_gazebo'
[0.667s] INFO:colcon.colcon_core.package_selection:Skipping not selected package 'ros_ign_interfaces' in 'ros_gz/ros_ign_interfaces'
[0.667s] INFO:colcon.colcon_core.package_selection:Skipping not selected package 'ros_gz_image' in 'ros_gz/ros_gz_image'
[0.667s] INFO:colcon.colcon_core.package_selection:Skipping not selected package 'ros_ign_bridge' in 'ros_gz/ros_ign_bridge'
[0.667s] INFO:colcon.colcon_core.package_selection:Skipping not selected package 'ros_gz_sim_demos' in 'ros_gz/ros_gz_sim_demos'
[0.667s] INFO:colcon.colcon_core.package_selection:Skipping not selected package 'ros_ign_image' in 'ros_gz/ros_ign_image'
[0.667s] INFO:colcon.colcon_core.package_selection:Skipping not selected package 'ros_gz' in 'ros_gz/ros_gz'
[0.667s] INFO:colcon.colcon_core.package_selection:Skipping not selected package 'ros_ign_gazebo_demos' in 'ros_gz/ros_ign_gazebo_demos'
[0.667s] INFO:colcon.colcon_core.package_selection:Skipping not selected package 'ros_ign' in 'ros_gz/ros_ign'
[0.669s] Level 1:colcon.colcon_core.package_discovery:discover_packages(prefix_path) check parameters
[0.669s] Level 1:colcon.colcon_core.package_discovery:discover_packages(prefix_path) discover
[0.673s] DEBUG:colcon.colcon_installed_package_information.package_discovery:Found 5 installed packages in /home/patrick/ros2_ws/install
[0.675s] DEBUG:colcon.colcon_installed_package_information.package_discovery:Found 2 installed packages in /home/patrick/ros2_udemy/install
[0.678s] DEBUG:colcon.colcon_installed_package_information.package_discovery:Found 315 installed packages in /opt/ros/humble
[0.680s] Level 1:colcon.colcon_core.package_discovery:discover_packages(prefix_path) using defaults
[0.780s] Level 5:colcon.colcon_core.verb:set package 'webots_ros2_mavic_1' build argument 'cmake_args' from command line to 'None'
[0.780s] Level 5:colcon.colcon_core.verb:set package 'webots_ros2_mavic_1' build argument 'cmake_target' from command line to 'None'
[0.780s] Level 5:colcon.colcon_core.verb:set package 'webots_ros2_mavic_1' build argument 'cmake_target_skip_unavailable' from command line to 'False'
[0.780s] Level 5:colcon.colcon_core.verb:set package 'webots_ros2_mavic_1' build argument 'cmake_clean_cache' from command line to 'False'
[0.780s] Level 5:colcon.colcon_core.verb:set package 'webots_ros2_mavic_1' build argument 'cmake_clean_first' from command line to 'False'
[0.780s] Level 5:colcon.colcon_core.verb:set package 'webots_ros2_mavic_1' build argument 'cmake_force_configure' from command line to 'False'
[0.781s] Level 5:colcon.colcon_core.verb:set package 'webots_ros2_mavic_1' build argument 'ament_cmake_args' from command line to 'None'
[0.781s] Level 5:colcon.colcon_core.verb:set package 'webots_ros2_mavic_1' build argument 'catkin_cmake_args' from command line to 'None'
[0.781s] Level 5:colcon.colcon_core.verb:set package 'webots_ros2_mavic_1' build argument 'catkin_skip_building_tests' from command line to 'False'
[0.781s] DEBUG:colcon.colcon_core.verb:Building package 'webots_ros2_mavic_1' with the following arguments: {'ament_cmake_args': None, 'build_base': '/home/patrick/ros2_ws/src/build/webots_ros2_mavic_1', 'catkin_cmake_args': None, 'catkin_skip_building_tests': False, 'cmake_args': None, 'cmake_clean_cache': False, 'cmake_clean_first': False, 'cmake_force_configure': False, 'cmake_target': None, 'cmake_target_skip_unavailable': False, 'install_base': '/home/patrick/ros2_ws/src/install/webots_ros2_mavic_1', 'merge_install': False, 'path': '/home/patrick/ros2_ws/src/webots_ros2_mavic_1', 'symlink_install': False, 'test_result_base': None}
[0.782s] INFO:colcon.colcon_core.executor:Executing jobs using 'parallel' executor
[0.787s] DEBUG:colcon.colcon_parallel_executor.executor.parallel:run_until_complete
[0.787s] INFO:colcon.colcon_ros.task.ament_python.build:Building ROS package in '/home/patrick/ros2_ws/src/webots_ros2_mavic_1' with build type 'ament_python'
[0.787s] Level 1:colcon.colcon_core.shell:create_environment_hook('webots_ros2_mavic_1', 'ament_prefix_path')
[0.795s] INFO:colcon.colcon_core.plugin_system:Skipping extension 'colcon_core.shell.bat': Not used on non-Windows systems
[0.795s] INFO:colcon.colcon_core.shell:Creating environment hook '/home/patrick/ros2_ws/src/install/webots_ros2_mavic_1/share/webots_ros2_mavic_1/hook/ament_prefix_path.ps1'
[0.796s] INFO:colcon.colcon_core.shell:Creating environment descriptor '/home/patrick/ros2_ws/src/install/webots_ros2_mavic_1/share/webots_ros2_mavic_1/hook/ament_prefix_path.dsv'
[0.797s] INFO:colcon.colcon_core.shell:Creating environment hook '/home/patrick/ros2_ws/src/install/webots_ros2_mavic_1/share/webots_ros2_mavic_1/hook/ament_prefix_path.sh'
[0.801s] INFO:colcon.colcon_core.shell:Skip shell extension 'powershell' for command environment: Not usable outside of PowerShell
[0.801s] DEBUG:colcon.colcon_core.shell:Skip shell extension 'dsv' for command environment
[1.236s] INFO:colcon.colcon_core.task.python.build:Building Python package in '/home/patrick/ros2_ws/src/webots_ros2_mavic_1'
[1.240s] INFO:colcon.colcon_core.shell:Skip shell extension 'powershell' for command environment: Not usable outside of PowerShell
[1.240s] DEBUG:colcon.colcon_core.shell:Skip shell extension 'dsv' for command environment
[1.803s] DEBUG:colcon.colcon_core.event_handler.log_command:Invoking command in '/home/patrick/ros2_ws/src/webots_ros2_mavic_1': PYTHONPATH=/home/patrick/ros2_ws/src/build/webots_ros2_mavic_1/prefix_override:/home/patrick/ros2_ws/src/install/webots_ros2_mavic_1/lib/python3.10/site-packages:${PYTHONPATH} /usr/bin/python3 setup.py egg_info --egg-base ../build/webots_ros2_mavic_1 build --build-base /home/patrick/ros2_ws/src/build/webots_ros2_mavic_1/build install --record /home/patrick/ros2_ws/src/build/webots_ros2_mavic_1/install.log --single-version-externally-managed
[2.298s] DEBUG:colcon.colcon_core.event_handler.log_command:Invoked command in '/home/patrick/ros2_ws/src/webots_ros2_mavic_1' returned '0': PYTHONPATH=/home/patrick/ros2_ws/src/build/webots_ros2_mavic_1/prefix_override:/home/patrick/ros2_ws/src/install/webots_ros2_mavic_1/lib/python3.10/site-packages:${PYTHONPATH} /usr/bin/python3 setup.py egg_info --egg-base ../build/webots_ros2_mavic_1 build --build-base /home/patrick/ros2_ws/src/build/webots_ros2_mavic_1/build install --record /home/patrick/ros2_ws/src/build/webots_ros2_mavic_1/install.log --single-version-externally-managed
[2.304s] Level 1:colcon.colcon_core.environment:checking '/home/patrick/ros2_ws/src/install/webots_ros2_mavic_1' for CMake module files
[2.305s] Level 1:colcon.colcon_core.environment:checking '/home/patrick/ros2_ws/src/install/webots_ros2_mavic_1' for CMake config files
[2.306s] Level 1:colcon.colcon_core.environment:checking '/home/patrick/ros2_ws/src/install/webots_ros2_mavic_1/lib'
[2.306s] Level 1:colcon.colcon_core.environment:checking '/home/patrick/ros2_ws/src/install/webots_ros2_mavic_1/bin'
[2.306s] Level 1:colcon.colcon_core.environment:checking '/home/patrick/ros2_ws/src/install/webots_ros2_mavic_1/lib/pkgconfig/webots_ros2_mavic_1.pc'
[2.306s] Level 1:colcon.colcon_core.environment:checking '/home/patrick/ros2_ws/src/install/webots_ros2_mavic_1/lib/python3.10/site-packages'
[2.306s] Level 1:colcon.colcon_core.shell:create_environment_hook('webots_ros2_mavic_1', 'pythonpath')
[2.308s] INFO:colcon.colcon_core.shell:Creating environment hook '/home/patrick/ros2_ws/src/install/webots_ros2_mavic_1/share/webots_ros2_mavic_1/hook/pythonpath.ps1'
[2.308s] INFO:colcon.colcon_core.shell:Creating environment descriptor '/home/patrick/ros2_ws/src/install/webots_ros2_mavic_1/share/webots_ros2_mavic_1/hook/pythonpath.dsv'
[2.309s] INFO:colcon.colcon_core.shell:Creating environment hook '/home/patrick/ros2_ws/src/install/webots_ros2_mavic_1/share/webots_ros2_mavic_1/hook/pythonpath.sh'
[2.309s] Level 1:colcon.colcon_core.environment:checking '/home/patrick/ros2_ws/src/install/webots_ros2_mavic_1/bin'
[2.309s] Level 1:colcon.colcon_core.environment:create_environment_scripts_only(webots_ros2_mavic_1)
[2.311s] INFO:colcon.colcon_core.shell:Creating package script '/home/patrick/ros2_ws/src/install/webots_ros2_mavic_1/share/webots_ros2_mavic_1/package.ps1'
[2.312s] INFO:colcon.colcon_core.shell:Creating package descriptor '/home/patrick/ros2_ws/src/install/webots_ros2_mavic_1/share/webots_ros2_mavic_1/package.dsv'
[2.313s] INFO:colcon.colcon_core.shell:Creating package script '/home/patrick/ros2_ws/src/install/webots_ros2_mavic_1/share/webots_ros2_mavic_1/package.sh'
[2.314s] INFO:colcon.colcon_core.shell:Creating package script '/home/patrick/ros2_ws/src/install/webots_ros2_mavic_1/share/webots_ros2_mavic_1/package.bash'
[2.316s] INFO:colcon.colcon_core.shell:Creating package script '/home/patrick/ros2_ws/src/install/webots_ros2_mavic_1/share/webots_ros2_mavic_1/package.zsh'
[2.317s] Level 1:colcon.colcon_core.environment:create_file_with_runtime_dependencies(/home/patrick/ros2_ws/src/install/webots_ros2_mavic_1/share/colcon-core/packages/webots_ros2_mavic_1)
[2.318s] DEBUG:colcon.colcon_parallel_executor.executor.parallel:closing loop
[2.318s] DEBUG:colcon.colcon_parallel_executor.executor.parallel:loop closed
[2.319s] DEBUG:colcon.colcon_parallel_executor.executor.parallel:run_until_complete finished with '0'
[2.319s] DEBUG:colcon.colcon_core.event_reactor:joining thread
[2.327s] INFO:colcon.colcon_core.plugin_system:Skipping extension 'colcon_notification.desktop_notification.terminal_notifier': Not used on non-Darwin systems
[2.328s] INFO:colcon.colcon_core.plugin_system:Skipping extension 'colcon_notification.desktop_notification.win32': Not used on non-Windows systems
[2.328s] INFO:colcon.colcon_notification.desktop_notification:Sending desktop notification using 'notify2'
[2.364s] DEBUG:colcon.colcon_core.event_reactor:joined thread
[2.369s] INFO:colcon.colcon_core.shell:Creating prefix script '/home/patrick/ros2_ws/src/install/local_setup.ps1'
[2.372s] INFO:colcon.colcon_core.shell:Creating prefix util module '/home/patrick/ros2_ws/src/install/_local_setup_util_ps1.py'
[2.375s] INFO:colcon.colcon_core.shell:Creating prefix chain script '/home/patrick/ros2_ws/src/install/setup.ps1'
[2.380s] INFO:colcon.colcon_core.shell:Creating prefix script '/home/patrick/ros2_ws/src/install/local_setup.sh'
[2.382s] INFO:colcon.colcon_core.shell:Creating prefix util module '/home/patrick/ros2_ws/src/install/_local_setup_util_sh.py'
[2.383s] INFO:colcon.colcon_core.shell:Creating prefix chain script '/home/patrick/ros2_ws/src/install/setup.sh'
[2.386s] INFO:colcon.colcon_core.shell:Creating prefix script '/home/patrick/ros2_ws/src/install/local_setup.bash'
[2.387s] INFO:colcon.colcon_core.shell:Creating prefix chain script '/home/patrick/ros2_ws/src/install/setup.bash'
[2.389s] INFO:colcon.colcon_core.shell:Creating prefix script '/home/patrick/ros2_ws/src/install/local_setup.zsh'
[2.390s] INFO:colcon.colcon_core.shell:Creating prefix chain script '/home/patrick/ros2_ws/src/install/setup.zsh'
