[1.080s] Invoking command in '/home/patrick/ros2_ws/src/webots_ros2_mavic_1': PYTHONPATH=/home/patrick/ros2_ws/src/build/webots_ros2_mavic_1/prefix_override:/home/patrick/ros2_ws/src/install/webots_ros2_mavic_1/lib/python3.10/site-packages:${PYTHONPATH} /usr/bin/python3 setup.py egg_info --egg-base ../build/webots_ros2_mavic_1 build --build-base /home/patrick/ros2_ws/src/build/webots_ros2_mavic_1/build install --record /home/patrick/ros2_ws/src/build/webots_ros2_mavic_1/install.log --single-version-externally-managed
[1.481s] running egg_info
[1.485s] writing manifest file '../build/webots_ros2_mavic_1/webots_ros2_mavic_1.egg-info/SOURCES.txt'
[1.486s] running build
[1.486s] running build_py
[1.486s] running install
[1.488s] running install_lib
[1.490s] running install_data
[1.492s] creating /home/patrick/ros2_ws/src/install/webots_ros2_mavic_1/share/webots_ros2_mavic_1/launch
[1.492s] copying launch/robot_launch.py -> /home/patrick/ros2_ws/src/install/webots_ros2_mavic_1/share/webots_ros2_mavic_1/launch
[1.493s] creating /home/patrick/ros2_ws/src/install/webots_ros2_mavic_1/share/webots_ros2_mavic_1/worlds
[1.493s] copying worlds/mavic_world.wbt -> /home/patrick/ros2_ws/src/install/webots_ros2_mavic_1/share/webots_ros2_mavic_1/worlds
[1.493s] creating /home/patrick/ros2_ws/src/install/webots_ros2_mavic_1/share/webots_ros2_mavic_1/resource
[1.493s] copying resource/mavic_webots.urdf -> /home/patrick/ros2_ws/src/install/webots_ros2_mavic_1/share/webots_ros2_mavic_1/resource
[1.494s] running install_egg_info
[1.495s] removing '/home/patrick/ros2_ws/src/install/webots_ros2_mavic_1/lib/python3.10/site-packages/webots_ros2_mavic_1-0.0.0-py3.10.egg-info' (and everything under it)
[1.496s] Copying ../build/webots_ros2_mavic_1/webots_ros2_mavic_1.egg-info to /home/patrick/ros2_ws/src/install/webots_ros2_mavic_1/lib/python3.10/site-packages/webots_ros2_mavic_1-0.0.0-py3.10.egg-info
[1.497s] running install_scripts
[1.527s] writing list of installed files to '/home/patrick/ros2_ws/src/build/webots_ros2_mavic_1/install.log'
[1.582s] Invoked command in '/home/patrick/ros2_ws/src/webots_ros2_mavic_1' returned '0': PYTHONPATH=/home/patrick/ros2_ws/src/build/webots_ros2_mavic_1/prefix_override:/home/patrick/ros2_ws/src/install/webots_ros2_mavic_1/lib/python3.10/site-packages:${PYTHONPATH} /usr/bin/python3 setup.py egg_info --egg-base ../build/webots_ros2_mavic_1 build --build-base /home/patrick/ros2_ws/src/build/webots_ros2_mavic_1/build install --record /home/patrick/ros2_ws/src/build/webots_ros2_mavic_1/install.log --single-version-externally-managed
