[0.019s] Invoking command in '/home/patrick/ros2_ws/src/build/ros_gz': CMAKE_PREFIX_PATH=${CMAKE_PREFIX_PATH}:/home/patrick/ros2_udemy/install/my_py_pkg:/opt/ros/humble /usr/bin/cmake /home/patrick/ros2_ws/src/ros_gz/ros_gz -DCMAKE_INSTALL_PREFIX=/home/patrick/ros2_ws/src/install/ros_gz
[0.288s] -- The C compiler identification is GNU 11.4.0
[0.495s] -- The CXX compiler identification is GNU 11.4.0
[0.515s] -- Detecting C compiler ABI info
[0.624s] -- Detecting C compiler ABI info - done
[0.648s] -- Check for working C compiler: /usr/bin/cc - skipped
[0.649s] -- Detecting C compile features
[0.651s] -- Detecting C compile features - done
[0.660s] -- Detecting CXX compiler ABI info
[0.777s] -- Detecting CXX compiler ABI info - done
[0.802s] -- Check for working CXX compiler: /usr/bin/c++ - skipped
[0.802s] -- Detecting CXX compile features
[0.804s] -- Detecting CXX compile features - done
[0.818s] -- Found ament_cmake: 1.3.5 (/opt/ros/humble/share/ament_cmake/cmake)
[1.566s] -- Found Python3: /usr/bin/python3.10 (found version "3.10.12") found components: Interpreter 
[1.685s] -- Found ament_lint_auto: 0.12.7 (/opt/ros/humble/share/ament_lint_auto/cmake)
[1.813s] -- Added test 'copyright' to check source files copyright and LICENSE
[1.815s] -- Added test 'lint_cmake' to check CMake code style
[1.817s] -- Added test 'xmllint' to check XML markup files
[1.818s] -- Configuring done
[1.821s] -- Generating done
[1.822s] -- Build files have been written to: /home/patrick/ros2_ws/src/build/ros_gz
[1.828s] Invoked command in '/home/patrick/ros2_ws/src/build/ros_gz' returned '0': CMAKE_PREFIX_PATH=${CMAKE_PREFIX_PATH}:/home/patrick/ros2_udemy/install/my_py_pkg:/opt/ros/humble /usr/bin/cmake /home/patrick/ros2_ws/src/ros_gz/ros_gz -DCMAKE_INSTALL_PREFIX=/home/patrick/ros2_ws/src/install/ros_gz
[1.829s] Invoking command in '/home/patrick/ros2_ws/src/build/ros_gz': CMAKE_PREFIX_PATH=${CMAKE_PREFIX_PATH}:/home/patrick/ros2_udemy/install/my_py_pkg:/opt/ros/humble /usr/bin/cmake --build /home/patrick/ros2_ws/src/build/ros_gz -- -j8 -l8
[1.901s] Invoked command in '/home/patrick/ros2_ws/src/build/ros_gz' returned '0': CMAKE_PREFIX_PATH=${CMAKE_PREFIX_PATH}:/home/patrick/ros2_udemy/install/my_py_pkg:/opt/ros/humble /usr/bin/cmake --build /home/patrick/ros2_ws/src/build/ros_gz -- -j8 -l8
[1.954s] Invoking command in '/home/patrick/ros2_ws/src/build/ros_gz': CMAKE_PREFIX_PATH=${CMAKE_PREFIX_PATH}:/home/patrick/ros2_udemy/install/my_py_pkg:/opt/ros/humble /usr/bin/cmake --install /home/patrick/ros2_ws/src/build/ros_gz
[1.968s] -- Install configuration: ""
[1.969s] -- Installing: /home/patrick/ros2_ws/src/install/ros_gz/share/ament_index/resource_index/package_run_dependencies/ros_gz
[1.969s] -- Installing: /home/patrick/ros2_ws/src/install/ros_gz/share/ament_index/resource_index/parent_prefix_path/ros_gz
[1.969s] -- Installing: /home/patrick/ros2_ws/src/install/ros_gz/share/ros_gz/environment/ament_prefix_path.sh
[1.970s] -- Installing: /home/patrick/ros2_ws/src/install/ros_gz/share/ros_gz/environment/ament_prefix_path.dsv
[1.970s] -- Installing: /home/patrick/ros2_ws/src/install/ros_gz/share/ros_gz/environment/path.sh
[1.970s] -- Installing: /home/patrick/ros2_ws/src/install/ros_gz/share/ros_gz/environment/path.dsv
[1.970s] -- Installing: /home/patrick/ros2_ws/src/install/ros_gz/share/ros_gz/local_setup.bash
[1.971s] -- Installing: /home/patrick/ros2_ws/src/install/ros_gz/share/ros_gz/local_setup.sh
[1.971s] -- Installing: /home/patrick/ros2_ws/src/install/ros_gz/share/ros_gz/local_setup.zsh
[1.971s] -- Installing: /home/patrick/ros2_ws/src/install/ros_gz/share/ros_gz/local_setup.dsv
[1.971s] -- Installing: /home/patrick/ros2_ws/src/install/ros_gz/share/ros_gz/package.dsv
[1.972s] -- Installing: /home/patrick/ros2_ws/src/install/ros_gz/share/ament_index/resource_index/packages/ros_gz
[1.972s] -- Installing: /home/patrick/ros2_ws/src/install/ros_gz/share/ros_gz/cmake/ros_gzConfig.cmake
[1.972s] -- Installing: /home/patrick/ros2_ws/src/install/ros_gz/share/ros_gz/cmake/ros_gzConfig-version.cmake
[1.972s] -- Installing: /home/patrick/ros2_ws/src/install/ros_gz/share/ros_gz/package.xml
[1.976s] Invoked command in '/home/patrick/ros2_ws/src/build/ros_gz' returned '0': CMAKE_PREFIX_PATH=${CMAKE_PREFIX_PATH}:/home/patrick/ros2_udemy/install/my_py_pkg:/opt/ros/humble /usr/bin/cmake --install /home/patrick/ros2_ws/src/build/ros_gz
