[1.016s] Invoking command in '/home/patrick/ros2_ws/src/webots_ros2_mavic_1': PYTHONPATH=/home/patrick/ros2_ws/src/build/webots_ros2_mavic_1/prefix_override:/home/patrick/ros2_ws/src/install/webots_ros2_mavic_1/lib/python3.10/site-packages:${PYTHONPATH} /usr/bin/python3 setup.py egg_info --egg-base ../build/webots_ros2_mavic_1 build --build-base /home/patrick/ros2_ws/src/build/webots_ros2_mavic_1/build install --record /home/patrick/ros2_ws/src/build/webots_ros2_mavic_1/install.log --single-version-externally-managed
[1.401s] running egg_info
[1.402s] creating ../build/webots_ros2_mavic_1/webots_ros2_mavic.egg-info
[1.403s] writing manifest file '../build/webots_ros2_mavic_1/webots_ros2_mavic.egg-info/SOURCES.txt'
[1.406s] writing manifest file '../build/webots_ros2_mavic_1/webots_ros2_mavic.egg-info/SOURCES.txt'
[1.406s] running build
[1.406s] running build_py
[1.407s] creating /home/patrick/ros2_ws/src/build/webots_ros2_mavic_1/build
[1.407s] creating /home/patrick/ros2_ws/src/build/webots_ros2_mavic_1/build/lib
[1.407s] creating /home/patrick/ros2_ws/src/build/webots_ros2_mavic_1/build/lib/webots_ros2_mavic_1
[1.407s] copying webots_ros2_mavic_1/mavic_driver.py -> /home/patrick/ros2_ws/src/build/webots_ros2_mavic_1/build/lib/webots_ros2_mavic_1
[1.407s] copying webots_ros2_mavic_1/__init__.py -> /home/patrick/ros2_ws/src/build/webots_ros2_mavic_1/build/lib/webots_ros2_mavic_1
[1.407s] running install
[1.408s] running install_lib
[1.409s] creating /home/patrick/ros2_ws/src/install/webots_ros2_mavic_1/lib/python3.10/site-packages/webots_ros2_mavic_1
[1.410s] byte-compiling /home/patrick/ros2_ws/src/install/webots_ros2_mavic_1/lib/python3.10/site-packages/webots_ros2_mavic_1/mavic_driver.py to mavic_driver.cpython-310.pyc
[1.412s] byte-compiling /home/patrick/ros2_ws/src/install/webots_ros2_mavic_1/lib/python3.10/site-packages/webots_ros2_mavic_1/__init__.py to __init__.cpython-310.pyc
[1.413s] running install_data
[1.413s] error: can't copy 'resource/webots_ros2_mavic': doesn't exist or not a regular file
[1.455s] Invoked command in '/home/patrick/ros2_ws/src/webots_ros2_mavic_1' returned '1': PYTHONPATH=/home/patrick/ros2_ws/src/build/webots_ros2_mavic_1/prefix_override:/home/patrick/ros2_ws/src/install/webots_ros2_mavic_1/lib/python3.10/site-packages:${PYTHONPATH} /usr/bin/python3 setup.py egg_info --egg-base ../build/webots_ros2_mavic_1 build --build-base /home/patrick/ros2_ws/src/build/webots_ros2_mavic_1/build install --record /home/patrick/ros2_ws/src/build/webots_ros2_mavic_1/install.log --single-version-externally-managed
